starting chromosome splitter...
reading data...
data read !
Building chromosome 1 file...
Building chromosome 2 file...
Building chromosome 3 file...
Building chromosome 4 file...
Building chromosome 5 file...
Building chromosome 6 file...
Building chromosome 7 file...
Building chromosome 8 file...
Building chromosome 9 file...
Building chromosome 10 file...
Building chromosome 11 file...
Building chromosome 12 file...
Building chromosome 13 file...
Building chromosome 14 file...
Building chromosome 15 file...
Building chromosome 16 file...
Building chromosome 17 file...
Building chromosome 18 file...
Building chromosome 19 file...
Building chromosome 20 file...
Building chromosome 21 file...
Building chromosome 22 file...
Done splitting chromosmes !
--- done splitting chromosomes in 0.07864236831665039 seconds ---

Chromosomes generated :
[1, 2, 3, 4, 5, 6, 7, 8, 9, 10, 11, 12, 13, 14, 15, 16, 17, 18, 19, 20, 21, 22]







~~~~~ main finished in 2.077770233154297 seconds ~~~~~

starting chromosome splitter...
--- chromosome 1 sorted in 0.002866983413696289 secondes ---




 No more significant pvalues 

Nya

len final : 0
starting chromosome splitter...
--- chromosome 2 sorted in 0.002209901809692383 secondes ---




 No more significant pvalues 

Nya

len final : 0
starting chromosome splitter...
--- chromosome 4 sorted in 0.002900362014770508 secondes ---




 No more significant pvalues 

Nya

len final : 0
starting chromosome splitter...
--- chromosome 5 sorted in 0.0031011104583740234 secondes ---




 No more significant pvalues 

Nya

len final : 0
starting chromosome splitter...
--- chromosome 7 sorted in 0.002192258834838867 secondes ---




 No more significant pvalues 

Nya

len final : 0
starting chromosome splitter...
--- chromosome 8 sorted in 0.0029976367950439453 secondes ---




 No more significant pvalues 

Nya

len final : 0
starting chromosome splitter...
--- chromosome 9 sorted in 0.0027348995208740234 secondes ---




 No more significant pvalues 

Nya

len final : 0
starting chromosome splitter...
--- chromosome 11 sorted in 0.002841472625732422 secondes ---




 No more significant pvalues 

Nya

len final : 0
starting chromosome splitter...
--- chromosome 12 sorted in 0.002694845199584961 secondes ---




 No more significant pvalues 

Nya

len final : 0
starting chromosome splitter...
--- chromosome 13 sorted in 0.002640247344970703 secondes ---




 No more significant pvalues 

Nya

len final : 0
starting chromosome splitter...
--- chromosome 14 sorted in 0.0025086402893066406 secondes ---




 No more significant pvalues 

Nya

len final : 0
starting chromosome splitter...
--- chromosome 15 sorted in 0.002624034881591797 secondes ---




 No more significant pvalues 

Nya

len final : 0
starting chromosome splitter...
--- chromosome 17 sorted in 0.002423524856567383 secondes ---




 No more significant pvalues 

Nya

len final : 0
starting chromosome splitter...
--- chromosome 18 sorted in 0.0023469924926757812 secondes ---




 No more significant pvalues 

Nya

len final : 0
starting chromosome splitter...
--- chromosome 19 sorted in 0.002463817596435547 secondes ---




 No more significant pvalues 

Nya

len final : 0
starting chromosome splitter...
--- chromosome 20 sorted in 0.0023767948150634766 secondes ---




 No more significant pvalues 

Nya

len final : 0
starting chromosome splitter...
--- chromosome 21 sorted in 0.0018358230590820312 secondes ---




 No more significant pvalues 

Nya

len final : 0
starting chromosome splitter...
--- chromosome 22 sorted in 0.002324342727661133 secondes ---




 No more significant pvalues 

Nya

len final : 0
starting chromosome splitter...
--- chromosome 10 sorted in 0.0022552013397216797 secondes ---




 No more significant pvalues 

Nya

len final : 2
locus printed
locus printed
/work/project/regenet/workspace/zgerber/Nextflow/bin/main.py:176: SettingWithCopyWarning: 
A value is trying to be set on a copy of a slice from a DataFrame.
Try using .loc[row_indexer,col_indexer] = value instead

See the caveats in the documentation: https://pandas.pydata.org/pandas-docs/stable/user_guide/indexing.html#returning-a-view-versus-a-copy
  zLocus[Zhead] = zLocus[Effect]/zLocus[StdErr]
/home/zgerber/.local/lib/python3.7/site-packages/pandas/core/frame.py:4913: SettingWithCopyWarning: 
A value is trying to be set on a copy of a slice from a DataFrame

See the caveats in the documentation: https://pandas.pydata.org/pandas-docs/stable/user_guide/indexing.html#returning-a-view-versus-a-copy
  errors=errors,
starting chromosome splitter...
--- chromosome 3 sorted in 0.003681182861328125 secondes ---




 No more significant pvalues 

Nya

len final : 3
locus printed
locus printed
locus printed
/work/project/regenet/workspace/zgerber/Nextflow/bin/main.py:176: SettingWithCopyWarning: 
A value is trying to be set on a copy of a slice from a DataFrame.
Try using .loc[row_indexer,col_indexer] = value instead

See the caveats in the documentation: https://pandas.pydata.org/pandas-docs/stable/user_guide/indexing.html#returning-a-view-versus-a-copy
  zLocus[Zhead] = zLocus[Effect]/zLocus[StdErr]
/home/zgerber/.local/lib/python3.7/site-packages/pandas/core/frame.py:4913: SettingWithCopyWarning: 
A value is trying to be set on a copy of a slice from a DataFrame

See the caveats in the documentation: https://pandas.pydata.org/pandas-docs/stable/user_guide/indexing.html#returning-a-view-versus-a-copy
  errors=errors,
starting chromosome splitter...
--- chromosome 6 sorted in 0.0029850006103515625 secondes ---




 No more significant pvalues 

Nya

len final : 1
locus printed
